#
# There is insufficient memory for the Java Runtime Environment to continue.
# Native memory allocation (malloc) failed to allocate 1048576 bytes for AllocateHeap
# Possible reasons:
#   The system is out of physical RAM or swap space
#   In 32 bit mode, the process size limit was hit
# Possible solutions:
#   Reduce memory load on the system
#   Increase physical memory or swap space
#   Check if swap backing store is full
#   Use 64 bit Java on a 64 bit OS
#   Decrease Java heap size (-Xmx/-Xms)
#   Decrease number of Java threads
#   Decrease Java thread stack sizes (-Xss)
#   Set larger code cache with -XX:ReservedCodeCacheSize=
# This output file may be truncated or incomplete.
#
#  Out of Memory Error (memory/allocation.inline.hpp:61), pid=22664, tid=0x0000000000004284
#
# JRE version:  (8.0_144-b01) (build )
# Java VM: Java HotSpot(TM) 64-Bit Server VM (25.144-b01 mixed mode windows-amd64 compressed oops)
# Failed to write core dump. Minidumps are not enabled by default on client versions of Windows
#

---------------  T H R E A D  ---------------

Current thread (0x0000000000f9d800):  JavaThread "Unknown thread" [_thread_in_vm, id=17028, stack(0x0000000002800000,0x0000000002900000)]

Stack: [0x0000000002800000,0x0000000002900000]
[error occurred during error reporting (printing stack bounds), id 0xc0000005]

Native frames: (J=compiled Java code, j=interpreted, Vv=VM code, C=native code)


---------------  P R O C E S S  ---------------

Java Threads: ( => current thread )

Other Threads:

=>0x0000000000f9d800 (exited) JavaThread "Unknown thread" [_thread_in_vm, id=17028, stack(0x0000000002800000,0x0000000002900000)]

VM state:not at safepoint (normal execution)

VM Mutex/Monitor currently owned by a thread: None

Heap:
 PSYoungGen      total 76288K, used 1310K [0x000000076ae00000, 0x0000000770300000, 0x00000007c0000000)
  eden space 65536K, 2% used [0x000000076ae00000,0x000000076af47af0,0x000000076ee00000)
  from space 10752K, 0% used [0x000000076f880000,0x000000076f880000,0x0000000770300000)
  to   space 10752K, 0% used [0x000000076ee00000,0x000000076ee00000,0x000000076f880000)
 ParOldGen       total 175104K, used 0K [0x00000006c0a00000, 0x00000006cb500000, 0x000000076ae00000)
  object space 175104K, 0% used [0x00000006c0a00000,0x00000006c0a00000,0x00000006cb500000)
 Metaspace       used 746K, capacity 4480K, committed 4480K, reserved 1056768K
  class space    used 75K, capacity 384K, committed 384K, reserved 1048576K

Card table byte_map: [0x0000000011dc0000,0x00000000125c0000] byte_map_base: 0x000000000e7bb000

Marking Bits: (ParMarkBitMap*) 0x0000000070e7d850
 Begin Bits: [0x0000000013320000, 0x00000000172f8000)
 End Bits:   [0x00000000172f8000, 0x000000001b2d0000)

Polling page: 0x0000000000f70000

CodeCache: size=245760Kb used=328Kb max_used=328Kb free=245431Kb
 bounds [0x0000000002a00000, 0x0000000002c70000, 0x0000000011a00000]
 total_blobs=58 nmethods=0 adapters=38
 compilation: enabled

Compilation events (0 events):
No events

GC Heap History (0 events):
No events

Deoptimization events (0 events):
No events

Internal exceptions (0 events):
No events

Events (10 events):
Event: 0.021 loading class java/lang/Short
Event: 0.022 loading class java/lang/Short done
Event: 0.022 loading class java/lang/Integer
Event: 0.022 loading class java/lang/Integer done
Event: 0.022 loading class java/lang/Long
Event: 0.022 loading class java/lang/Long done
Event: 0.022 loading class java/lang/NullPointerException
Event: 0.022 loading class java/lang/NullPointerException done
Event: 0.022 loading class java/lang/ArithmeticException
Event: 0.022 loading class java/lang/ArithmeticException done


Dynamic libraries:
0x00007ff609370000 - 0x00007ff6093a7000 	D:\Program\JavaSetupJDK\jre1.8.0_144\bin\javaw.exe
0x00007ffaba0b0000 - 0x00007ffaba291000 	C:\WINDOWS\SYSTEM32\ntdll.dll
0x00007ffab8a20000 - 0x00007ffab8ad2000 	C:\WINDOWS\System32\KERNEL32.DLL
0x00007ffab6dc0000 - 0x00007ffab7033000 	C:\WINDOWS\System32\KERNELBASE.dll
0x00007ffab7990000 - 0x00007ffab7a31000 	C:\WINDOWS\System32\ADVAPI32.dll
0x00007ffab81b0000 - 0x00007ffab824e000 	C:\WINDOWS\System32\msvcrt.dll
0x00007ffab8510000 - 0x00007ffab856b000 	C:\WINDOWS\System32\sechost.dll
0x00007ffab8870000 - 0x00007ffab8994000 	C:\WINDOWS\System32\RPCRT4.dll
0x00007ffab8290000 - 0x00007ffab8420000 	C:\WINDOWS\System32\USER32.dll
0x00007ffab7380000 - 0x00007ffab73a0000 	C:\WINDOWS\System32\win32u.dll
0x00007ffab7cd0000 - 0x00007ffab7cf8000 	C:\WINDOWS\System32\GDI32.dll
0x00007ffab73a0000 - 0x00007ffab7532000 	C:\WINDOWS\System32\gdi32full.dll
0x00007ffab70f0000 - 0x00007ffab718f000 	C:\WINDOWS\System32\msvcp_win.dll
0x00007ffab6cc0000 - 0x00007ffab6dba000 	C:\WINDOWS\System32\ucrtbase.dll
0x00007ffaa9130000 - 0x00007ffaa9399000 	C:\WINDOWS\WinSxS\amd64_microsoft.windows.common-controls_6595b64144ccf1df_6.0.17134.345_none_fb429a5930656358\COMCTL32.dll
0x00007ffab7d00000 - 0x00007ffab8023000 	C:\WINDOWS\System32\combase.dll
0x00007ffab6c40000 - 0x00007ffab6cba000 	C:\WINDOWS\System32\bcryptPrimitives.dll
0x00007ffab8260000 - 0x00007ffab828d000 	C:\WINDOWS\System32\IMM32.DLL
0x00000000703b0000 - 0x0000000070482000 	D:\Program\JavaSetupJDK\jre1.8.0_144\bin\msvcr100.dll
0x0000000070660000 - 0x0000000070efd000 	D:\Program\JavaSetupJDK\jre1.8.0_144\bin\server\jvm.dll
0x00007ffab8700000 - 0x00007ffab8708000 	C:\WINDOWS\System32\PSAPI.DLL
0x00007ffaaf3b0000 - 0x00007ffaaf3ba000 	C:\WINDOWS\SYSTEM32\VERSION.dll
0x00007ffab1d20000 - 0x00007ffab1d43000 	C:\WINDOWS\SYSTEM32\WINMM.dll
0x00007ffaa4d40000 - 0x00007ffaa4d49000 	C:\WINDOWS\SYSTEM32\WSOCK32.dll
0x00007ffab8090000 - 0x00007ffab80fc000 	C:\WINDOWS\System32\WS2_32.dll
0x00007ffab1cf0000 - 0x00007ffab1d1a000 	C:\WINDOWS\SYSTEM32\WINMMBASE.dll
0x00007ffab70a0000 - 0x00007ffab70e9000 	C:\WINDOWS\System32\cfgmgr32.dll
0x0000000070570000 - 0x000000007057f000 	D:\Program\JavaSetupJDK\jre1.8.0_144\bin\verify.dll
0x0000000070540000 - 0x0000000070569000 	D:\Program\JavaSetupJDK\jre1.8.0_144\bin\java.dll
0x0000000070520000 - 0x0000000070536000 	D:\Program\JavaSetupJDK\jre1.8.0_144\bin\zip.dll

VM Arguments:
jvm_args: -Dfile.encoding=Cp1251 
java_command: laba2.StackOverflow27071351
java_class_path (initial): D:\Program\EclipsTPPPhoton\RozpiznavanniaObraziv\laba2\bin
Launcher Type: SUN_STANDARD

Environment Variables:
PATH=D:/Program/JavaSetupJDK/jre1.8.0_144/bin/server;D:/Program/JavaSetupJDK/jre1.8.0_144/bin;D:/Program/JavaSetupJDK/jre1.8.0_144/lib/amd64;C:\Program Files (x86)\Common Files\Intel\Shared Libraries\redist\intel64\compiler;C:\WinAVR-20100110\bin;C:\WinAVR-20100110\utils\bin;C:\ProgramData\Oracle\Java\javapath;C:\Program Files (x86)\Intel\iCLS Client\;C:\Program Files\Intel\iCLS Client\;C:\Windows\system32;C:\Windows;C:\Windows\System32\Wbem;C:\Windows\System32\WindowsPowerShell\v1.0\;C:\Program Files (x86)\NVIDIA Corporation\PhysX\Common;C:\Program Files (x86)\Intel\Intel(R) Management Engine Components\DAL;C:\Program Files\Intel\Intel(R) Management Engine Components\DAL;C:\Program Files (x86)\Intel\Intel(R) Management Engine Components\IPT;C:\Program Files\Intel\Intel(R) Management Engine Components\IPT;C:\Program Files\Intel\WiFi\bin\;C:\Program Files\Common Files\Intel\WirelessCommon\;C:\WINDOWS\system32;C:\WINDOWS;C:\WINDOWS\System32\Wbem;C:\WINDOWS\System32\WindowsPowerShell\v1.0\;C:\WINDOWS\System32\OpenSSH\;D:\Program\Matlab\runtime\win64;D:\Program\Matlab\bin;C:\Users\demad\AppData\Local\Microsoft\WindowsApps;;C:\Users\demad\Desktop;
USERNAME=demad
OS=Windows_NT
PROCESSOR_IDENTIFIER=Intel64 Family 6 Model 158 Stepping 9, GenuineIntel



---------------  S Y S T E M  ---------------

OS: Windows 10.0 , 64 bit Build 17134 (10.0.17134.1)

CPU:total 8 (initial active 8) (4 cores per cpu, 2 threads per core) family 6 model 158 stepping 9, cmov, cx8, fxsr, mmx, sse, sse2, sse3, ssse3, sse4.1, sse4.2, popcnt, avx, avx2, aes, clmul, erms, 3dnowpref, lzcnt, ht, tsc, tscinvbit, bmi1, bmi2, adx

Memory: 4k page, physical 16729056k(10612852k free), swap 47848540k(5168k free)

vm_info: Java HotSpot(TM) 64-Bit Server VM (25.144-b01) for windows-amd64 JRE (1.8.0_144-b01), built on Jul 21 2017 21:57:33 by "java_re" with MS VC++ 10.0 (VS2010)

time: Thu Oct 18 23:02:52 2018
elapsed time: 0 seconds (0d 0h 0m 0s)

